<?xml version="1.0" encoding="UTF-8"?>
<Site BuildName="Linux-c++"
	BuildStamp="20241029-0719-Experimental"
	Name="yzc"
	Generator="ctest-3.16.3"
	CompilerName="/usr/bin/c++"
	CompilerVersion="9.4.0"
	OSName="Linux"
	Hostname="yzc"
	OSRelease="5.15.0-124-generic"
	OSVersion="#134~20.04.1-Ubuntu SMP Tue Oct 1 15:27:33 UTC 2024"
	OSPlatform="x86_64"
	Is64Bits="1"
	VendorString="AuthenticAMD"
	VendorID="Advanced Micro Devices"
	FamilyID="25"
	ModelID="33"
	ProcessorCacheSize="512"
	NumberOfLogicalCPU="24"
	NumberOfPhysicalCPU="12"
	TotalVirtualMemory="2047"
	TotalPhysicalMemory="64194"
	LogicalProcessorsPerPhysical="2"
	ProcessorClockFrequency="2800"
	>
	<Testing>
		<StartDateTime>Oct 29 15:19 CST</StartDateTime>
		<StartTestTime>1730186398</StartTestTime>
		<TestList/>
		<EndDateTime>Oct 29 15:19 CST</EndDateTime>
		<EndTestTime>1730186398</EndTestTime>
		<ElapsedMinutes>0</ElapsedMinutes>
	</Testing>
</Site>
